<?xml version="1.0" encoding="UTF-8"?>
<!-- Generated by org.testng.reporters.JUnitXMLReporter -->
<testsuite ignored="6" hostname="Navichinna" failures="0" tests="3" name="Test1" time="18.607" errors="0" timestamp="2023-10-07T11:00:58 IST">
  <testcase classname="com.app.TestNgScripts.TestAnnotation" name="login" time="7.344"/>
  <testcase classname="com.app.TestNgScripts.BeforeAfterMethod" name="logout" time="5.281"/>
  <testcase classname="com.app.TestNgScripts.AfterBeforeClass" name="GetTitle" time="0.013"/>
  <testcase classname="com.app.TestNgScripts.BeforeAfterMethod" name="login" time="0.0">
    <ignored/>
  </testcase> <!-- login -->
  <testcase classname="com.app.TestNgScripts.TestAnnotation" name="logout" time="0.0">
    <ignored/>
  </testcase> <!-- logout -->
  <testcase classname="com.app.TestNgScripts.AfterBeforeClass" name="login" time="0.0">
    <ignored/>
  </testcase> <!-- login -->
  <testcase classname="com.app.TestNgScripts.AfterBeforeClass" name="logout" time="0.0">
    <ignored/>
  </testcase> <!-- logout -->
  <testcase classname="com.app.TestNgScripts.TestAnnotation" name="GetTitle" time="0.0">
    <ignored/>
  </testcase> <!-- GetTitle -->
  <testcase classname="com.app.TestNgScripts.BeforeAfterMethod" name="GetTitle" time="0.0">
    <ignored/>
  </testcase> <!-- GetTitle -->
</testsuite> <!-- Test1 -->
