<?xml version="1.0" encoding="UTF-8"?>
<!-- Generated by org.testng.reporters.JUnitXMLReporter -->
<testsuite ignored="3" hostname="Navichinna" failures="0" tests="6" name="RegressionTesting" time="0.022" errors="0" timestamp="2023-10-07T11:15:28 IST">
  <testcase classname="TestScenario.GroupsDemo" name="opentheAccountPage" time="0.002"/>
  <testcase classname="TestScenario.GroupsDemo" name="createAccount" time="0.002"/>
  <testcase classname="TestScenario.GroupsDemo" name="Logout" time="0.002"/>
  <testcase classname="TestScenario.GroupsDemo1" name="openapp" time="0.001"/>
  <testcase classname="TestScenario.GroupsDemo1" name="loginwithInvaliddata" time="0.001"/>
  <testcase classname="TestScenario.GroupsDemo1" name="loginwithWrongpassword" time="0.001"/>
  <testcase classname="TestScenario.GroupsDemo" name="login" time="0.0">
    <ignored/>
  </testcase> <!-- login -->
  <testcase classname="TestScenario.GroupsDemo1" name="loginSample1" time="0.0">
    <ignored/>
  </testcase> <!-- loginSample1 -->
  <testcase classname="TestScenario.GroupsDemo" name="Accounts" time="0.0">
    <ignored/>
  </testcase> <!-- Accounts -->
</testsuite> <!-- RegressionTesting -->
