<?xml version="1.0" encoding="UTF-8"?>
<!-- Generated by org.testng.reporters.JUnitXMLReporter -->
<testsuite ignored="0" hostname="Navichinna" failures="0" tests="4" name="TestCycle1" time="11.075" errors="0" timestamp="2023-10-07T11:04:28 IST">
  <testcase classname="com.app.TestNgScripts.Paralleltest" name="wikiPage2" time="6.081"/>
  <testcase classname="com.app.TestNgScripts.Paralleltest" name="wikiPage" time="6.852"/>
  <testcase classname="com.app.TestNgScripts.Paralleltest" name="ninjaPage" time="3.963"/>
  <testcase classname="com.app.TestNgScripts.Paralleltest" name="ninjaPage2" time="4.164"/>
</testsuite> <!-- TestCycle1 -->
